<?xml version="1.0" encoding="UTF-8"?>
<!-- Generated by org.testng.reporters.JUnitReportReporter -->
<testsuite hostname="DESKTOP-CPQDIMA" failures="0" tests="1" name="automation.testsuite.Day16_AlertPractise" time="39.775" errors="0" timestamp="2023-12-14T15:08:08 ICT" skipped="0">
  <testcase classname="automation.testsuite.Day16_AlertPractise" name="sayHello_Alert" time="39.775"/>
  <system-out/>
</testsuite> <!-- automation.testsuite.Day16_AlertPractise -->
