<?xml version="1.0" encoding="UTF-8"?>
<!-- Generated by org.testng.reporters.JUnitReportReporter -->
<testsuite hostname="DESKTOP-CPQDIMA" failures="0" tests="1" name="automation.testsuite.Day14_Excercise" time="35.676" errors="0" timestamp="2023-12-14T16:46:52 ICT" skipped="0">
  <testcase classname="automation.testsuite.Day14_Excercise" name="ChangePassword" time="35.676"/>
  <system-out/>
</testsuite> <!-- automation.testsuite.Day14_Excercise -->
