<?xml version="1.0" encoding="UTF-8"?>
<!-- Generated by org.testng.reporters.JUnitReportReporter -->
<testsuite hostname="DESKTOP-CPQDIMA" failures="0" tests="1" name="automation.testsuite.LoginTest_Factory" time="32.599" errors="0" timestamp="2023-11-28T21:16:02 ICT" skipped="0">
  <testcase classname="automation.testsuite.LoginTest_Factory" name="LogOuttSuccess" time="32.599"/>
  <system-out/>
</testsuite> <!-- automation.testsuite.LoginTest_Factory -->
