<?xml version="1.0" encoding="UTF-8"?>
<!-- Generated by org.testng.reporters.JUnitReportReporter -->
<testsuite hostname="DESKTOP-CPQDIMA" failures="0" tests="5" name="automation.testsuite.Day13_LoginTest_Excercise" time="60.770" errors="0" timestamp="2023-11-27T22:51:40 ICT" skipped="0">
  <testcase classname="automation.testsuite.Day13_LoginTest_Excercise" name="LoginSuccess" time="20.770"/>
  <system-out/>
  <testcase classname="automation.testsuite.Day13_LoginTest_Excercise" name="LoginFailincorrectUser" time="9.505"/>
  <system-out/>
  <testcase classname="automation.testsuite.Day13_LoginTest_Excercise" name="LoginFailincorrectPass" time="10.102"/>
  <system-out/>
  <testcase classname="automation.testsuite.Day13_LoginTest_Excercise" name="LoginFailincorrectUserAndPass" time="8.759"/>
  <system-out/>
  <testcase classname="automation.testsuite.Day13_LoginTest_Excercise" name="LogOuttSuccess" time="11.634"/>
  <system-out/>
</testsuite> <!-- automation.testsuite.Day13_LoginTest_Excercise -->
